This is pdfTeX, Version 3.1415926-2.5-1.40.14 (TeX Live 2013/Debian) (format=pdflatex 2017.11.11)  10 NOV 2018 13:49
entering extended mode
 restricted \write18 enabled.
 %&-line parsing enabled.
**report_1.tex
(./report_1.tex
LaTeX2e <2011/06/27>
Babel <3.9h> and hyphenation patterns for 76 languages loaded.
(/usr/share/texlive/texmf-dist/tex/latex/base/article.cls
Document Class: article 2007/10/19 v1.4h Standard LaTeX document class
(/usr/share/texlive/texmf-dist/tex/latex/base/size10.clo
File: size10.clo 2007/10/19 v1.4h Standard LaTeX file (size option)
)
\c@part=\count79
\c@section=\count80
\c@subsection=\count81
\c@subsubsection=\count82
\c@paragraph=\count83
\c@subparagraph=\count84
\c@figure=\count85
\c@table=\count86
\abovecaptionskip=\skip41
\belowcaptionskip=\skip42
\bibindent=\dimen102
)
(/usr/share/texlive/texmf-dist/tex/latex/amsmath/amsmath.sty
Package: amsmath 2013/01/14 v2.14 AMS math features
\@mathmargin=\skip43

For additional information on amsmath, use the `?' option.
(/usr/share/texlive/texmf-dist/tex/latex/amsmath/amstext.sty
Package: amstext 2000/06/29 v2.01

(/usr/share/texlive/texmf-dist/tex/latex/amsmath/amsgen.sty
File: amsgen.sty 1999/11/30 v2.0
\@emptytoks=\toks14
\ex@=\dimen103
))
(/usr/share/texlive/texmf-dist/tex/latex/amsmath/amsbsy.sty
Package: amsbsy 1999/11/29 v1.2d
\pmbraise@=\dimen104
)
(/usr/share/texlive/texmf-dist/tex/latex/amsmath/amsopn.sty
Package: amsopn 1999/12/14 v2.01 operator names
)
\inf@bad=\count87
LaTeX Info: Redefining \frac on input line 210.
\uproot@=\count88
\leftroot@=\count89
LaTeX Info: Redefining \overline on input line 306.
\classnum@=\count90
\DOTSCASE@=\count91
LaTeX Info: Redefining \ldots on input line 378.
LaTeX Info: Redefining \dots on input line 381.
LaTeX Info: Redefining \cdots on input line 466.
\Mathstrutbox@=\box26
\strutbox@=\box27
\big@size=\dimen105
LaTeX Font Info:    Redeclaring font encoding OML on input line 566.
LaTeX Font Info:    Redeclaring font encoding OMS on input line 567.
\macc@depth=\count92
\c@MaxMatrixCols=\count93
\dotsspace@=\muskip10
\c@parentequation=\count94
\dspbrk@lvl=\count95
\tag@help=\toks15
\row@=\count96
\column@=\count97
\maxfields@=\count98
\andhelp@=\toks16
\eqnshift@=\dimen106
\alignsep@=\dimen107
\tagshift@=\dimen108
\tagwidth@=\dimen109
\totwidth@=\dimen110
\lineht@=\dimen111
\@envbody=\toks17
\multlinegap=\skip44
\multlinetaggap=\skip45
\mathdisplay@stack=\toks18
LaTeX Info: Redefining \[ on input line 2665.
LaTeX Info: Redefining \] on input line 2666.
)
(/usr/share/texlive/texmf-dist/tex/latex/amsfonts/amssymb.sty
Package: amssymb 2013/01/14 v3.01 AMS font symbols

(/usr/share/texlive/texmf-dist/tex/latex/amsfonts/amsfonts.sty
Package: amsfonts 2013/01/14 v3.01 Basic AMSFonts support
\symAMSa=\mathgroup4
\symAMSb=\mathgroup5
LaTeX Font Info:    Overwriting math alphabet `\mathfrak' in version `bold'
(Font)                  U/euf/m/n --> U/euf/b/n on input line 106.
))
(/usr/share/texlive/texmf-dist/tex/latex/algorithms/algorithmic.sty
Package: algorithmic 2009/08/24 v0.1 Document Style `algorithmic'

(/usr/share/texlive/texmf-dist/tex/latex/base/ifthen.sty
Package: ifthen 2001/05/26 v1.1c Standard LaTeX ifthen package (DPC)
)
(/usr/share/texlive/texmf-dist/tex/latex/graphics/keyval.sty
Package: keyval 1999/03/16 v1.13 key=value parser (DPC)
\KV@toks@=\toks19
)
\c@ALC@unique=\count99
\c@ALC@line=\count100
\c@ALC@rem=\count101
\c@ALC@depth=\count102
\ALC@tlm=\skip46
\algorithmicindent=\skip47
)
(/usr/share/texlive/texmf-dist/tex/latex/tools/multicol.sty
Package: multicol 2011/06/27 v1.7a multicolumn formatting (FMi)
\c@tracingmulticols=\count103
\mult@box=\box28
\multicol@leftmargin=\dimen112
\c@unbalance=\count104
\c@collectmore=\count105
\doublecol@number=\count106
\multicoltolerance=\count107
\multicolpretolerance=\count108
\full@width=\dimen113
\page@free=\dimen114
\premulticols=\dimen115
\postmulticols=\dimen116
\multicolsep=\skip48
\multicolbaselineskip=\skip49
\partial@page=\box29
\last@line=\box30
\mult@rightbox=\box31
\mult@grightbox=\box32
\mult@gfirstbox=\box33
\mult@firstbox=\box34
\@tempa=\box35
\@tempa=\box36
\@tempa=\box37
\@tempa=\box38
\@tempa=\box39
\@tempa=\box40
\@tempa=\box41
\@tempa=\box42
\@tempa=\box43
\@tempa=\box44
\@tempa=\box45
\@tempa=\box46
\@tempa=\box47
\@tempa=\box48
\@tempa=\box49
\@tempa=\box50
\@tempa=\box51
\c@columnbadness=\count109
\c@finalcolumnbadness=\count110
\last@try=\dimen117
\multicolovershoot=\dimen118
\multicolundershoot=\dimen119
\mult@nat@firstbox=\box52
\colbreak@box=\box53
\multicol@sort@counter=\count111
)
(/usr/share/texlive/texmf-dist/tex/latex/graphics/graphicx.sty
Package: graphicx 1999/02/16 v1.0f Enhanced LaTeX Graphics (DPC,SPQR)

(/usr/share/texlive/texmf-dist/tex/latex/graphics/graphics.sty
Package: graphics 2009/02/05 v1.0o Standard LaTeX Graphics (DPC,SPQR)

(/usr/share/texlive/texmf-dist/tex/latex/graphics/trig.sty
Package: trig 1999/03/16 v1.09 sin cos tan (DPC)
)
(/usr/share/texlive/texmf-dist/tex/latex/latexconfig/graphics.cfg
File: graphics.cfg 2010/04/23 v1.9 graphics configuration of TeX Live
)
Package graphics Info: Driver file: pdftex.def on input line 91.

(/usr/share/texlive/texmf-dist/tex/latex/pdftex-def/pdftex.def
File: pdftex.def 2011/05/27 v0.06d Graphics/color for pdfTeX

(/usr/share/texlive/texmf-dist/tex/generic/oberdiek/infwarerr.sty
Package: infwarerr 2010/04/08 v1.3 Providing info/warning/error messages (HO)
)
(/usr/share/texlive/texmf-dist/tex/generic/oberdiek/ltxcmds.sty
Package: ltxcmds 2011/11/09 v1.22 LaTeX kernel commands for general use (HO)
)
\Gread@gobject=\count112
))
\Gin@req@height=\dimen120
\Gin@req@width=\dimen121
)
(/usr/share/texlive/texmf-dist/tex/latex/tools/array.sty
Package: array 2008/09/09 v2.4c Tabular extension package (FMi)
\col@sep=\dimen122
\extrarowheight=\dimen123
\NC@list=\toks20
\extratabsurround=\skip50
\backup@length=\skip51
) (./report_1.aux)
\openout1 = `report_1.aux'.

LaTeX Font Info:    Checking defaults for OML/cmm/m/it on input line 14.
LaTeX Font Info:    ... okay on input line 14.
LaTeX Font Info:    Checking defaults for T1/cmr/m/n on input line 14.
LaTeX Font Info:    ... okay on input line 14.
LaTeX Font Info:    Checking defaults for OT1/cmr/m/n on input line 14.
LaTeX Font Info:    ... okay on input line 14.
LaTeX Font Info:    Checking defaults for OMS/cmsy/m/n on input line 14.
LaTeX Font Info:    ... okay on input line 14.
LaTeX Font Info:    Checking defaults for OMX/cmex/m/n on input line 14.
LaTeX Font Info:    ... okay on input line 14.
LaTeX Font Info:    Checking defaults for U/cmr/m/n on input line 14.
LaTeX Font Info:    ... okay on input line 14.

(/usr/share/texlive/texmf-dist/tex/context/base/supp-pdf.mkii
[Loading MPS to PDF converter (version 2006.09.02).]
\scratchcounter=\count113
\scratchdimen=\dimen124
\scratchbox=\box54
\nofMPsegments=\count114
\nofMParguments=\count115
\everyMPshowfont=\toks21
\MPscratchCnt=\count116
\MPscratchDim=\dimen125
\MPnumerator=\count117
\makeMPintoPDFobject=\count118
\everyMPtoPDFconversion=\toks22
) (/usr/share/texlive/texmf-dist/tex/generic/oberdiek/pdftexcmds.sty
Package: pdftexcmds 2011/11/29 v0.20 Utility functions of pdfTeX for LuaTeX (HO
)

(/usr/share/texlive/texmf-dist/tex/generic/oberdiek/ifluatex.sty
Package: ifluatex 2010/03/01 v1.3 Provides the ifluatex switch (HO)
Package ifluatex Info: LuaTeX not detected.
)
(/usr/share/texlive/texmf-dist/tex/generic/oberdiek/ifpdf.sty
Package: ifpdf 2011/01/30 v2.3 Provides the ifpdf switch (HO)
Package ifpdf Info: pdfTeX in PDF mode is detected.
)
Package pdftexcmds Info: LuaTeX not detected.
Package pdftexcmds Info: \pdf@primitive is available.
Package pdftexcmds Info: \pdf@ifprimitive is available.
Package pdftexcmds Info: \pdfdraftmode found.
)
(/usr/share/texlive/texmf-dist/tex/latex/oberdiek/epstopdf-base.sty
Package: epstopdf-base 2010/02/09 v2.5 Base part for package epstopdf

(/usr/share/texlive/texmf-dist/tex/latex/oberdiek/grfext.sty
Package: grfext 2010/08/19 v1.1 Manage graphics extensions (HO)

(/usr/share/texlive/texmf-dist/tex/generic/oberdiek/kvdefinekeys.sty
Package: kvdefinekeys 2011/04/07 v1.3 Define keys (HO)
))
(/usr/share/texlive/texmf-dist/tex/latex/oberdiek/kvoptions.sty
Package: kvoptions 2011/06/30 v3.11 Key value format for package options (HO)

(/usr/share/texlive/texmf-dist/tex/generic/oberdiek/kvsetkeys.sty
Package: kvsetkeys 2012/04/25 v1.16 Key value parser (HO)

(/usr/share/texlive/texmf-dist/tex/generic/oberdiek/etexcmds.sty
Package: etexcmds 2011/02/16 v1.5 Avoid name clashes with e-TeX commands (HO)
Package etexcmds Info: Could not find \expanded.
(etexcmds)             That can mean that you are not using pdfTeX 1.50 or
(etexcmds)             that some package has redefined \expanded.
(etexcmds)             In the latter case, load this package earlier.
)))
Package grfext Info: Graphics extension search list:
(grfext)             [.png,.pdf,.jpg,.mps,.jpeg,.jbig2,.jb2,.PNG,.PDF,.JPG,.JPE
G,.JBIG2,.JB2,.eps]
(grfext)             \AppendGraphicsExtensions on input line 452.

(/usr/share/texlive/texmf-dist/tex/latex/latexconfig/epstopdf-sys.cfg
File: epstopdf-sys.cfg 2010/07/13 v1.3 Configuration of (r)epstopdf for TeX Liv
e
))
LaTeX Font Info:    Try loading font information for U+msa on input line 16.

(/usr/share/texlive/texmf-dist/tex/latex/amsfonts/umsa.fd
File: umsa.fd 2013/01/14 v3.01 AMS symbols A
)
LaTeX Font Info:    Try loading font information for U+msb on input line 16.

(/usr/share/texlive/texmf-dist/tex/latex/amsfonts/umsb.fd
File: umsb.fd 2013/01/14 v3.01 AMS symbols B
)
<./images/image1.jpg, id=1, 482.80376pt x 322.20375pt>
File: ./images/image1.jpg Graphic file (type jpg)

<use ./images/image1.jpg>
Package pdftex.def Info: ./images/image1.jpg used on input line 23.
(pdftex.def)             Requested size: 144.84224pt x 96.66187pt.

<./images/image2.jpg, id=2, 482.80376pt x 322.20375pt>
File: ./images/image2.jpg Graphic file (type jpg)

<use ./images/image2.jpg>
Package pdftex.def Info: ./images/image2.jpg used on input line 23.
(pdftex.def)             Requested size: 144.84224pt x 96.66187pt.

<./images/image3.jpg, id=3, 482.80376pt x 322.20375pt>
File: ./images/image3.jpg Graphic file (type jpg)

<use ./images/image3.jpg>
Package pdftex.def Info: ./images/image3.jpg used on input line 25.
(pdftex.def)             Requested size: 144.84224pt x 96.66187pt.

<./images/image4.jpg, id=4, 482.80376pt x 322.20375pt>
File: ./images/image4.jpg Graphic file (type jpg)

<use ./images/image4.jpg>
Package pdftex.def Info: ./images/image4.jpg used on input line 25.
(pdftex.def)             Requested size: 144.84224pt x 96.66187pt.
 <./images/edge_1.png, id=5, 240.9pt x 160.6pt>
File: ./images/edge_1.png Graphic file (type png)

<use ./images/edge_1.png>
Package pdftex.def Info: ./images/edge_1.png used on input line 39.
(pdftex.def)             Requested size: 168.62883pt x 112.41922pt.
 <./images/edge_2.png, id=6, 240.9pt x 160.6pt>
File: ./images/edge_2.png Graphic file (type png)

<use ./images/edge_2.png>
Package pdftex.def Info: ./images/edge_2.png used on input line 39.
(pdftex.def)             Requested size: 168.62883pt x 112.41922pt.
 <./images/edge_3.png, id=7, 240.9pt x 160.6pt>
File: ./images/edge_3.png Graphic file (type png)

<use ./images/edge_3.png>
Package pdftex.def Info: ./images/edge_3.png used on input line 41.
(pdftex.def)             Requested size: 168.62883pt x 112.41922pt.
 <./images/edge_4.png, id=8, 240.9pt x 160.6pt>
File: ./images/edge_4.png Graphic file (type png)

<use ./images/edge_4.png>
Package pdftex.def Info: ./images/edge_4.png used on input line 41.
(pdftex.def)             Requested size: 168.62883pt x 112.41922pt.

Overfull \hbox (16.65765pt too wide) in paragraph at lines 38--43
[][] 
 []

<./images/canny_1.png, id=9, 240.9pt x 160.6pt>
File: ./images/canny_1.png Graphic file (type png)
 <use ./images/canny_1.png>
Package pdftex.def Info: ./images/canny_1.png used on input line 52.
(pdftex.def)             Requested size: 168.62883pt x 112.41922pt.

<./images/canny_2.png, id=11, 240.9pt x 160.6pt>
File: ./images/canny_2.png Graphic file (type png)
 <use ./images/canny_2.png>
Package pdftex.def Info: ./images/canny_2.png used on input line 52.
(pdftex.def)             Requested size: 168.62883pt x 112.41922pt.

<./images/canny_3.png, id=12, 240.9pt x 160.6pt>
File: ./images/canny_3.png Graphic file (type png)
 <use ./images/canny_3.png>
Package pdftex.def Info: ./images/canny_3.png used on input line 54.
(pdftex.def)             Requested size: 168.62883pt x 112.41922pt.

<./images/canny_4.png, id=13, 240.9pt x 160.6pt>
File: ./images/canny_4.png Graphic file (type png)
 <use ./images/canny_4.png>
Package pdftex.def Info: ./images/canny_4.png used on input line 54.
(pdftex.def)             Requested size: 168.62883pt x 112.41922pt.

Overfull \hbox (16.65765pt too wide) in paragraph at lines 51--56
[][] 
 []

<./images/log_1.png, id=14, 240.9pt x 160.6pt>
File: ./images/log_1.png Graphic file (type png)
 <use ./images/log_1.png>
Package pdftex.def Info: ./images/log_1.png used on input line 66.
(pdftex.def)             Requested size: 168.62883pt x 112.41922pt.

<./images/log_2.png, id=15, 240.9pt x 160.6pt>
File: ./images/log_2.png Graphic file (type png)
 <use ./images/log_2.png>
Package pdftex.def Info: ./images/log_2.png used on input line 66.
(pdftex.def)             Requested size: 168.62883pt x 112.41922pt.

<./images/log_3.png, id=16, 240.9pt x 160.6pt>
File: ./images/log_3.png Graphic file (type png)
 <use ./images/log_3.png>
Package pdftex.def Info: ./images/log_3.png used on input line 68.
(pdftex.def)             Requested size: 168.62883pt x 112.41922pt.

<./images/log_4.png, id=17, 240.9pt x 160.6pt>
File: ./images/log_4.png Graphic file (type png)
 <use ./images/log_4.png>
Package pdftex.def Info: ./images/log_4.png used on input line 68.
(pdftex.def)             Requested size: 168.62883pt x 112.41922pt.

Overfull \hbox (16.65765pt too wide) in paragraph at lines 65--70
[][] 
 []

<./images/kmean_1.png, id=18, 240.9pt x 160.6pt>
File: ./images/kmean_1.png Graphic file (type png)
 <use ./images/kmean_1.png>
Package pdftex.def Info: ./images/kmean_1.png used on input line 80.
(pdftex.def)             Requested size: 168.62883pt x 112.41922pt.

<./images/kmean_2.png, id=19, 240.9pt x 160.6pt>
File: ./images/kmean_2.png Graphic file (type png)
 <use ./images/kmean_2.png>
Package pdftex.def Info: ./images/kmean_2.png used on input line 80.
(pdftex.def)             Requested size: 168.62883pt x 112.41922pt.

<./images/kmean_3.png, id=20, 240.9pt x 160.6pt>
File: ./images/kmean_3.png Graphic file (type png)
 <use ./images/kmean_3.png>
Package pdftex.def Info: ./images/kmean_3.png used on input line 82.
(pdftex.def)             Requested size: 168.62883pt x 112.41922pt.

<./images/kmean_4.png, id=21, 240.9pt x 160.6pt>
File: ./images/kmean_4.png Graphic file (type png)
 <use ./images/kmean_4.png>
Package pdftex.def Info: ./images/kmean_4.png used on input line 82.
(pdftex.def)             Requested size: 168.62883pt x 112.41922pt.

Overfull \hbox (16.65765pt too wide) in paragraph at lines 79--84
[][] 
 []

[1

{/var/lib/texmf/fonts/map/pdftex/updmap/pdftex.map}] [2 <./images/image1.jpg> <
./images/image2.jpg> <./images/image3.jpg> <./images/image4.jpg> <./images/edge
_1.png (PNG copy)> <./images/edge_2.png (PNG copy)> <./images/edge_3.png (PNG c
opy)> <./images/edge_4.png (PNG copy)>] [3 <./images/canny_1.png> <./images/can
ny_2.png> <./images/canny_3.png> <./images/canny_4.png>] [4 <./images/log_1.png
 (PNG copy)> <./images/log_2.png (PNG copy)> <./images/log_3.png (PNG copy)> <.
/images/log_4.png (PNG copy)>] [5 <./images/kmean_1.png (PNG copy)> <./images/k
mean_2.png (PNG copy)> <./images/kmean_3.png (PNG copy)> <./images/kmean_4.png 
(PNG copy)>] (./report_1.aux)

LaTeX Warning: Label(s) may have changed. Rerun to get cross-references right.

 ) 
Here is how much of TeX's memory you used:
 2771 strings out of 493345
 37079 string characters out of 6140885
 100586 words of memory out of 5000000
 6162 multiletter control sequences out of 15000+600000
 10888 words of font info for 43 fonts, out of 8000000 for 9000
 935 hyphenation exceptions out of 8191
 37i,12n,26p,238b,344s stack positions out of 5000i,500n,10000p,200000b,80000s
</usr/share/texlive/texmf-dist/fonts/type1/public/amsfonts/cm/cmbx12.pfb></us
r/share/texlive/texmf-dist/fonts/type1/public/amsfonts/cm/cmr10.pfb></usr/share
/texlive/texmf-dist/fonts/type1/public/amsfonts/cm/cmr12.pfb></usr/share/texliv
e/texmf-dist/fonts/type1/public/amsfonts/cm/cmr17.pfb>
Output written on report_1.pdf (5 pages, 633975 bytes).
PDF statistics:
 61 PDF objects out of 1000 (max. 8388607)
 25 compressed objects within 1 object stream
 0 named destinations out of 1000 (max. 500000)
 101 words of extra memory for PDF output out of 10000 (max. 10000000)

